<?xml version="1.0" encoding="UTF-8"?>
<!-- Generated by org.testng.reporters.JUnitReportReporter -->
<testsuite hostname="Shrini-PC" name="TestScripts.CrossBrowser" tests="3" failures="0" timestamp="10 Jul 2017 08:44:46 GMT" time="112.720" errors="0">
  <testcase name="TC3" time="76.612" classname="TestScripts.CrossBrowser"/>
  <testcase name="TC1" time="15.744" classname="TestScripts.CrossBrowser"/>
  <testcase name="TC2" time="20.364" classname="TestScripts.CrossBrowser"/>
</testsuite> <!-- TestScripts.CrossBrowser -->
