<?xml version="1.0" encoding="UTF-8"?>
<!-- Generated by org.testng.reporters.JUnitReportReporter -->
<testsuite hostname="Shrini-PC" name="TestScripts.LoginScript" tests="2" failures="0" timestamp="15 Jul 2017 18:53:09 GMT" time="15.209" errors="0">
  <testcase name="Login" time="8.171" classname="TestScripts.LoginScript"/>
  <testcase name="InvalidLogin" time="7.038" classname="TestScripts.LoginScript"/>
</testsuite> <!-- TestScripts.LoginScript -->
