<?xml version="1.0" encoding="UTF-8"?>
<!-- Generated by org.testng.reporters.JUnitReportReporter -->
<testsuite hostname="Shrini-PC" name="TestScripts.LoginScript" tests="8" failures="0" timestamp="5 Aug 2017 09:51:47 GMT" time="92.049" errors="0">
  <testcase name="InvalidLogin" time="7.996" classname="TestScripts.LoginScript"/>
  <testcase name="InvalidLogin" time="9.184" classname="TestScripts.LoginScript"/>
  <testcase name="InvalidLogin" time="10.033" classname="TestScripts.LoginScript"/>
  <testcase name="InvalidLogin" time="19.377" classname="TestScripts.LoginScript"/>
  <testcase name="InvalidLogin" time="9.735" classname="TestScripts.LoginScript"/>
  <testcase name="InvalidLogin" time="10.237" classname="TestScripts.LoginScript"/>
  <testcase name="InvalidLogin" time="7.469" classname="TestScripts.LoginScript"/>
  <testcase name="InvalidLogin" time="18.018" classname="TestScripts.LoginScript"/>
</testsuite> <!-- TestScripts.LoginScript -->
